[debug] [2025-05-19T16:17:58.159Z] ----------------------------------------------------------------------
[debug] [2025-05-19T16:17:58.164Z] Command:       C:\Program Files\nodejs\node.exe C:\Users\Iamaya\AppData\Roaming\npm\node_modules\firebase-tools\lib\bin\firebase.js init functions
[debug] [2025-05-19T16:17:58.164Z] CLI Version:   14.4.0
[debug] [2025-05-19T16:17:58.164Z] Platform:      win32
[debug] [2025-05-19T16:17:58.165Z] Node Version:  v22.11.0
[debug] [2025-05-19T16:17:58.165Z] Time:          Mon May 19 2025 13:17:58 GMT-0300 (hora estándar de Argentina)
[debug] [2025-05-19T16:17:58.165Z] ----------------------------------------------------------------------
[debug] 
[debug] [2025-05-19T16:17:58.169Z] >>> [apiv2][query] GET https://firebase-public.firebaseio.com/cli.json [none]
[debug] [2025-05-19T16:17:58.246Z] > command requires scopes: ["email","openid","https://www.googleapis.com/auth/cloudplatformprojects.readonly","https://www.googleapis.com/auth/firebase","https://www.googleapis.com/auth/cloud-platform"]
[debug] [2025-05-19T16:17:58.247Z] > authorizing via signed-in user (naa87.1993@gmail.com)
[info] 
     ######## #### ########  ######## ########     ###     ######  ########
     ##        ##  ##     ## ##       ##     ##  ##   ##  ##       ##
     ######    ##  ########  ######   ########  #########  ######  ######
     ##        ##  ##    ##  ##       ##     ## ##     ##       ## ##
     ##       #### ##     ## ######## ########  ##     ##  ######  ########

You're about to initialize a Firebase project in this directory:

  C:\Users\Iamaya\Downloads\DeteticaVitto

[debug] [2025-05-19T16:17:58.538Z] *** [apiv2] error from fetch(https://firebase-public.firebaseio.com/cli.json, {"headers":{},"method":"GET"}): FetchError: request to https://firebase-public.firebaseio.com/cli.json failed, reason: self-signed certificate in certificate chain
[warn] !  Unable to fetch the CLI MOTD and remote config. This is not a fatal error, but may indicate an issue with your network connection. 
[debug] [2025-05-19T16:17:58.542Z] Failed to fetch MOTD FirebaseError: Failed to make request to https://firebase-public.firebaseio.com/cli.json
[info] 
=== Project Setup
[info] 
[info] First, let's associate this project directory with a Firebase project.
[info] You can create multiple project aliases by running firebase use --add, 
[info] but for now we'll just set up a default project.
[info] 
[debug] [2025-05-19T16:18:02.782Z] Checked if tokens are valid: true, expires at: 1747675063863
[debug] [2025-05-19T16:18:02.782Z] Checked if tokens are valid: true, expires at: 1747675063863
[debug] [2025-05-19T16:18:02.784Z] >>> [apiv2][query] GET https://firebase.googleapis.com/v1beta1/projects pageSize=100
[debug] [2025-05-19T16:18:02.951Z] *** [apiv2] error from fetch(https://firebase.googleapis.com/v1beta1/projects?pageSize=100, {"headers":{},"method":"GET","signal":{}}): FetchError: request to https://firebase.googleapis.com/v1beta1/projects?pageSize=100 failed, reason: self-signed certificate in certificate chain
[debug] [2025-05-19T16:18:02.952Z] Failed to make request to https://firebase.googleapis.com/v1beta1/projects?pageSize=100
[debug] [2025-05-19T16:18:03.052Z] FirebaseError: Failed to make request to https://firebase.googleapis.com/v1beta1/projects?pageSize=100
    at RetryOperation._fn (C:\Users\Iamaya\AppData\Roaming\npm\node_modules\firebase-tools\lib\apiv2.js:261:31)
    at process.processTicksAndRejections (node:internal/process/task_queues:105:5)
[error] 
[error] Error: Failed to list Firebase projects. See firebase-debug.log for more info.
